<!DOCTYPE html PUBLIC "-//W3C//DTD XHTML 1.1//EN" "http://www.w3.org/TR/xhtml11/DTD/xhtml11.dtd">
<html xmlns="http://www.w3.org/1999/xhtml">
<head>
<meta http-equiv="content-type" content="text/html; charset=UTF-8"/>
<title>TestNG Report</title>
<style type="text/css">table {margin-bottom:10px;border-collapse:collapse;empty-cells:show}th,td {border:1px solid #009;padding:.25em .5em}th {vertical-align:bottom}td {vertical-align:top}table a {font-weight:bold}.stripe td {background-color: #E6EBF9}.num {text-align:right}.passedodd td {background-color: #3F3}.passedeven td {background-color: #0A0}.skippedodd td {background-color: #DDD}.skippedeven td {background-color: #CCC}.failedodd td,.attn {background-color: #F33}.failedeven td,.stripe .attn {background-color: #D00}.stacktrace {white-space:pre;font-family:monospace}.totop {font-size:85%;text-align:center;border-bottom:2px solid #000}.invisible {display:none}</style>
</head>
<body>
<table>
<tr><th>Test</th><th># Passed</th><th># Skipped</th><th># Failed</th><th>Time (ms)</th><th>Included Groups</th><th>Excluded Groups</th></tr>
<tr><th colspan="7">Suite</th></tr>
<tr><td><a href="#t0">Test_CHROMETEST</a></td><td class="num">2</td><td class="num">0</td><td class="num attn">1</td><td class="num">67,273</td><td></td><td></td></tr>
<tr class="stripe"><td><a href="#t1">Test_FIREFOXTEST</a></td><td class="num">2</td><td class="num">0</td><td class="num attn">1</td><td class="num">31,406</td><td></td><td></td></tr>
<tr><th>Total</th><th class="num">4</th><th class="num">0</th><th class="num attn">2</th><th class="num">98,679</th><th colspan="2"></th></tr>
</table>
<table id='summary'><thead><tr><th>Class</th><th>Method</th><th>Start</th><th>Time (ms)</th></tr></thead><tbody><tr><th colspan="4">Suite</th></tr></tbody><tbody id="t0"><tr><th colspan="4">Test_CHROMETEST &#8212; failed</th></tr><tr class="failedeven"><td rowspan="1">com.comcast.crm.parallelexecutiontest.OrganizationTest</td><td><a href="#m0">createOrganizationwithOrgName</a></td><td rowspan="1">1740676095340</td><td rowspan="1">6661</td></tr><tr><th colspan="4">Test_CHROMETEST &#8212; passed</th></tr><tr class="passedeven"><td rowspan="2">com.comcast.crm.parallelexecutiontest.OrganizationTest</td><td><a href="#m1">createOrgWithPhonenumTest</a></td><td rowspan="1">1740676075537</td><td rowspan="1">6090</td></tr><tr class="passedeven"><td><a href="#m2">createOrganization</a></td><td rowspan="1">1740676086810</td><td rowspan="1">3418</td></tr></tbody>
<tbody id="t1"><tr><th colspan="4">Test_FIREFOXTEST &#8212; failed</th></tr><tr class="failedeven"><td rowspan="1">com.comcast.crm.parallelexecutiontest.OrganizationTest</td><td><a href="#m3">createOrganizationwithOrgName</a></td><td rowspan="1">1740676130645</td><td rowspan="1">4773</td></tr><tr><th colspan="4">Test_FIREFOXTEST &#8212; passed</th></tr><tr class="passedeven"><td rowspan="2">com.comcast.crm.parallelexecutiontest.OrganizationTest</td><td><a href="#m4">createOrgWithPhonenumTest</a></td><td rowspan="1">1740676115142</td><td rowspan="1">4432</td></tr><tr class="passedeven"><td><a href="#m5">createOrganization</a></td><td rowspan="1">1740676124131</td><td rowspan="1">3718</td></tr></tbody>
</table>
<h2>Test_CHROMETEST</h2><h3 id="m0">com.comcast.crm.parallelexecutiontest.OrganizationTest#createOrganizationwithOrgName</h3><table class="result"><tr><th>Exception</th></tr><tr><td><div class="stacktrace">java.lang.AssertionError: expected [Testing_772] but found [Testing_772 ]
	at com.comcast.crm.parallelexecutiontest.OrganizationTest.createOrganizationwithOrgName(OrganizationTest.java:50)
... Removed 29 stack frames</div></td></tr></table><p class="totop"><a href="#summary">back to summary</a></p>
<h3 id="m1">com.comcast.crm.parallelexecutiontest.OrganizationTest#createOrgWithPhonenumTest</h3><table class="result"><tr><th class="invisible"/></tr></table><p class="totop"><a href="#summary">back to summary</a></p>
<h3 id="m2">com.comcast.crm.parallelexecutiontest.OrganizationTest#createOrganization</h3><table class="result"><tr><th class="invisible"/></tr></table><p class="totop"><a href="#summary">back to summary</a></p>
<h2>Test_FIREFOXTEST</h2><h3 id="m3">com.comcast.crm.parallelexecutiontest.OrganizationTest#createOrganizationwithOrgName</h3><table class="result"><tr><th>Exception</th></tr><tr><td><div class="stacktrace">org.openqa.selenium.UnhandledAlertException: Unexpected alert dialog detected. Performed handler &quot;dismiss&quot;. Dialog text: Organization Name Already Exists!: Organization Name Already Exists!
Build info: version: &apos;4.24.0&apos;, revision: &apos;748ffc9bc3&apos;
System info: os.name: &apos;Mac OS X&apos;, os.arch: &apos;x86_64&apos;, os.version: &apos;12.7.6&apos;, java.version: &apos;21.0.4&apos;
Driver info: org.openqa.selenium.firefox.FirefoxDriver
Command: [28312ac6-b095-40ea-a101-0208e0b49a74, screenshot {}]
Capabilities {acceptInsecureCerts: true, browserName: firefox, browserVersion: 135.0.1, moz:accessibilityChecks: false, moz:buildID: 20250216192613, moz:debuggerAddress: 127.0.0.1:27411, moz:geckodriverVersion: 0.36.0, moz:headless: false, moz:platformVersion: 21.6.0, moz:processID: 25493, moz:profile: /var/folders/79/gm1vxm5s1ml..., moz:shutdownTimeout: 60000, moz:webdriverClick: true, moz:windowless: false, pageLoadStrategy: normal, platformName: mac, proxy: Proxy(), se:cdp: ws://127.0.0.1:27411/devtoo..., se:cdpVersion: 85.0, setWindowRect: true, strictFileInteractability: false, timeouts: {implicit: 0, pageLoad: 300000, script: 30000}, unhandledPromptBehavior: dismiss and notify, userAgent: Mozilla/5.0 (Macintosh; Int...}
Session ID: 28312ac6-b095-40ea-a101-0208e0b49a74
	at org.openqa.selenium.remote.codec.w3c.W3CHttpResponseCodec.decode(W3CHttpResponseCodec.java:136)
	at org.openqa.selenium.remote.codec.w3c.W3CHttpResponseCodec.decode(W3CHttpResponseCodec.java:50)
	at org.openqa.selenium.remote.HttpCommandExecutor.execute(HttpCommandExecutor.java:190)
	at org.openqa.selenium.remote.service.DriverCommandExecutor.invokeExecute(DriverCommandExecutor.java:216)
	at org.openqa.selenium.remote.service.DriverCommandExecutor.execute(DriverCommandExecutor.java:174)
	at org.openqa.selenium.remote.RemoteWebDriver.execute(RemoteWebDriver.java:545)
	at org.openqa.selenium.remote.RemoteWebDriver.execute(RemoteWebDriver.java:618)
	at org.openqa.selenium.remote.RemoteWebDriver.execute(RemoteWebDriver.java:622)
	at org.openqa.selenium.remote.RemoteWebDriver.getScreenshotAs(RemoteWebDriver.java:334)
	at com.comcast.CRM.listenerutility.ListenerImpClass.onTestFailure(ListenerImpClass.java:81)
... Removed 22 stack frames</div></td></tr></table><p class="totop"><a href="#summary">back to summary</a></p>
<h3 id="m4">com.comcast.crm.parallelexecutiontest.OrganizationTest#createOrgWithPhonenumTest</h3><table class="result"><tr><th class="invisible"/></tr></table><p class="totop"><a href="#summary">back to summary</a></p>
<h3 id="m5">com.comcast.crm.parallelexecutiontest.OrganizationTest#createOrganization</h3><table class="result"><tr><th class="invisible"/></tr></table><p class="totop"><a href="#summary">back to summary</a></p>
</body>
</html>
