<?xml version="1.0" encoding="UTF-8"?>
<!-- Generated by org.testng.reporters.JUnitXMLReporter -->
<testsuite ignored="2" hostname="192.168.1.5" failures="1" tests="1" name="ChromeTest(failed)(failed)(failed)" time="17.09" errors="0" timestamp="14 Feb 2025 16:42:06 GMT">
  <testcase classname="com.comcast.crm.parallelexecutiontest.OrganizationTest" name="createOrganizationwithOrgName" time="6.043">
    <failure type="java.lang.AssertionError" message="expected [Testing_1525] but found [Testing_1525 ]">
      <![CDATA[java.lang.AssertionError: expected [Testing_1525] but found [Testing_1525 ]
at com.comcast.crm.parallelexecutiontest.OrganizationTest.createOrganizationwithOrgName(OrganizationTest.java:51)
at java.base/java.util.concurrent.FutureTask.run(FutureTask.java:317)
at java.base/java.util.concurrent.ThreadPoolExecutor.runWorker(ThreadPoolExecutor.java:1144)
at java.base/java.util.concurrent.ThreadPoolExecutor$Worker.run(ThreadPoolExecutor.java:642)
at java.base/java.lang.Thread.run(Thread.java:1583)
... Removed 20 stack frames]]>
    </failure>
  </testcase> <!-- createOrganizationwithOrgName -->
  <testcase classname="com.comcast.crm.parallelexecutiontest.OrganizationTest" name="createOrgWithPhonenumTest" time="0.0">
    <ignored/>
  </testcase> <!-- createOrgWithPhonenumTest -->
  <testcase classname="com.comcast.crm.parallelexecutiontest.OrganizationTest" name="createOrganization" time="0.0">
    <ignored/>
  </testcase> <!-- createOrganization -->
</testsuite> <!-- ChromeTest(failed)(failed)(failed) -->
