<?xml version="1.0" encoding="UTF-8"?>
<!-- Generated by org.testng.reporters.JUnitXMLReporter -->
<testsuite ignored="0" hostname="192.168.1.5" failures="1" tests="3" name="FirefoxTest" time="33.736" errors="0" timestamp="15 Feb 2025 04:24:46 GMT">
  <testcase classname="com.comcast.crm.parallelexecutiontest.OrganizationTest" name="createOrgWithPhonenumTest" time="3.624"/>
  <testcase classname="com.comcast.crm.parallelexecutiontest.OrganizationTest" name="createOrganization" time="2.871"/>
  <testcase classname="com.comcast.crm.parallelexecutiontest.OrganizationTest" name="createOrganizationwithOrgName" time="3.748">
    <failure type="java.lang.AssertionError" message="expected:&amp;lt;Testing_3213 &amp;gt; but was:&amp;lt;Testing_3213&amp;gt;">
      <![CDATA[java.lang.AssertionError: expected:<Testing_3213 > but was:<Testing_3213>
at com.comcast.crm.parallelexecutiontest.OrganizationTest.createOrganizationwithOrgName(OrganizationTest.java:53)
at java.base/java.util.concurrent.FutureTask.run(FutureTask.java:317)
at java.base/java.util.concurrent.ThreadPoolExecutor.runWorker(ThreadPoolExecutor.java:1144)
at java.base/java.util.concurrent.ThreadPoolExecutor$Worker.run(ThreadPoolExecutor.java:642)
at java.base/java.lang.Thread.run(Thread.java:1583)
... Removed 16 stack frames]]>
    </failure>
  </testcase> <!-- createOrganizationwithOrgName -->
</testsuite> <!-- FirefoxTest -->
