<?xml version="1.0" encoding="UTF-8"?>
<!-- Generated by org.testng.reporters.JUnitXMLReporter -->
<testsuite ignored="2" hostname="Airs-Air.mshome.net" failures="1" tests="6" name="Test_chrome" time="75.591" errors="0" timestamp="21 Feb 2025 05:26:34 GMT">
  <testcase classname="com.comcast.crm.parallelexecutiontest.ContactTest" name="createContactOrgTest" time="13.033"/>
  <testcase classname="com.comcast.crm.parallelexecutiontest.ContactTest" name="createContactTest" time="3.704"/>
  <testcase classname="com.comcast.crm.parallelexecutiontest.ContactTest" name="createContactWithDate" time="4.225"/>
  <testcase classname="com.comcast.crm.parallelexecutiontest.OrganizationTest" name="createOrgWithPhonenumTest" time="3.379"/>
  <testcase classname="com.comcast.crm.parallelexecutiontest.OrganizationTest" name="createOrganization" time="2.85"/>
  <testcase classname="com.comcast.crm.parallelexecutiontest.OrganizationTest" name="createOrganizationwithOrgName" time="4.468">
    <failure type="java.lang.AssertionError" message="expected:&amp;lt;Testing_1986 &amp;gt; but was:&amp;lt;Testing_1986&amp;gt;">
      <![CDATA[java.lang.AssertionError: expected:<Testing_1986 > but was:<Testing_1986>
at com.comcast.crm.parallelexecutiontest.OrganizationTest.createOrganizationwithOrgName(OrganizationTest.java:61)
at java.base/java.util.concurrent.FutureTask.run(FutureTask.java:317)
at java.base/java.util.concurrent.ThreadPoolExecutor.runWorker(ThreadPoolExecutor.java:1144)
at java.base/java.util.concurrent.ThreadPoolExecutor$Worker.run(ThreadPoolExecutor.java:642)
at java.base/java.lang.Thread.run(Thread.java:1583)
... Removed 16 stack frames]]>
    </failure>
  </testcase> <!-- createOrganizationwithOrgName -->
  <testcase classname="com.comcast.CRM.basetest.BaseClass" name="@AfterSuite configAS" time="0.0">
    <ignored/>
  </testcase> <!-- @AfterSuite configAS -->
  <testcase classname="com.comcast.CRM.basetest.BaseClass" name="@BeforeSuite configBS" time="0.0">
    <ignored/>
  </testcase> <!-- @BeforeSuite configBS -->
</testsuite> <!-- Test_chrome -->
