<?xml version="1.0" encoding="UTF-8"?>
<!-- Generated by org.testng.reporters.JUnitXMLReporter -->
<testsuite ignored="0" hostname="192.168.1.31" failures="1" tests="3" name="Test_CHROMETEST" time="67.273" errors="0" timestamp="27 Feb 2025 17:08:25 GMT">
  <testcase classname="com.comcast.crm.parallelexecutiontest.OrganizationTest" name="createOrgWithPhonenumTest" time="6.09"/>
  <testcase classname="com.comcast.crm.parallelexecutiontest.OrganizationTest" name="createOrganization" time="3.418"/>
  <testcase classname="com.comcast.crm.parallelexecutiontest.OrganizationTest" name="createOrganizationwithOrgName" time="6.661">
    <failure type="java.lang.AssertionError" message="expected [Testing_772] but found [Testing_772 ]">
      <![CDATA[java.lang.AssertionError: expected [Testing_772] but found [Testing_772 ]
at com.comcast.crm.parallelexecutiontest.OrganizationTest.createOrganizationwithOrgName(OrganizationTest.java:50)
... Removed 29 stack frames]]>
    </failure>
  </testcase> <!-- createOrganizationwithOrgName -->
</testsuite> <!-- Test_CHROMETEST -->
